<?xml version="1.0" encoding="UTF-8"?>
<!-- Generated by org.testng.reporters.JUnitReportReporter -->
<testsuite hostname="LAPTOP-38QPER0S" failures="0" tests="5" name="runner.Runner" time="0.128" errors="5" timestamp="2023-09-03T21:53:56 IST" skipped="0">
  <testcase classname="runner.Runner" name="runScenario" time="0.087">
    <error message="Unresolved compilation problem: 
	Unhandled exception type SocketException
" type="java.lang.Error">
      <![CDATA[java.lang.Error: Unresolved compilation problem: 
Unhandled exception type SocketException

at StepDefinition.login_SD.user_opens_the_browser_and_OrangeHRM_application_using(login_SD.java:20)
at ✽.User opens the "Chrome" browser and OrangeHRM application using "https://opensource-demo.orangehrmlive.com/web/index.php/auth/login"(file:///C:/Users/Kedar/eclipse-workspace/Pooja/SeleniumMavenProject-TestNG/CucumberTestngMavenUITesting/src/test/resources/Features/login.feature:6)
]]>
    </error>
  </testcase> <!-- runScenario -->
  <system-out/>
  <testcase classname="runner.Runner" name="runScenario" time="0.009">
    <error message="Unresolved compilation problem: 
	Unhandled exception type SocketException
" type="java.lang.Error">
      <![CDATA[java.lang.Error: Unresolved compilation problem: 
Unhandled exception type SocketException

at StepDefinition.login_SD.user_opens_the_browser_and_OrangeHRM_application_using(login_SD.java:20)
at ✽.User opens the "Chrome" browser and OrangeHRM application using "https://opensource-demo.orangehrmlive.com/web/index.php/auth/login"(file:///C:/Users/Kedar/eclipse-workspace/Pooja/SeleniumMavenProject-TestNG/CucumberTestngMavenUITesting/src/test/resources/Features/login.feature:13)
]]>
    </error>
  </testcase> <!-- runScenario -->
  <system-out/>
  <testcase classname="runner.Runner" name="runScenario" time="0.010">
    <error message="Unresolved compilation problem: 
	Unhandled exception type SocketException
" type="java.lang.Error">
      <![CDATA[java.lang.Error: Unresolved compilation problem: 
Unhandled exception type SocketException

at StepDefinition.login_SD.user_opens_the_browser_and_OrangeHRM_application_using(login_SD.java:20)
at ✽.User opens the "Chrome" browser and OrangeHRM application using "https://opensource-demo.orangehrmlive.com/web/index.php/auth/login"(file:///C:/Users/Kedar/eclipse-workspace/Pooja/SeleniumMavenProject-TestNG/CucumberTestngMavenUITesting/src/test/resources/Features/login.feature:13)
]]>
    </error>
  </testcase> <!-- runScenario -->
  <system-out/>
  <testcase classname="runner.Runner" name="runScenario" time="0.013">
    <error message="Unresolved compilation problem: 
	Unhandled exception type SocketException
" type="java.lang.Error">
      <![CDATA[java.lang.Error: Unresolved compilation problem: 
Unhandled exception type SocketException

at StepDefinition.login_SD.user_opens_the_browser_and_OrangeHRM_application_using(login_SD.java:20)
at ✽.User opens the "Chrome" browser and OrangeHRM application using "https://opensource-demo.orangehrmlive.com/web/index.php/auth/login"(file:///C:/Users/Kedar/eclipse-workspace/Pooja/SeleniumMavenProject-TestNG/CucumberTestngMavenUITesting/src/test/resources/Features/login.feature:13)
]]>
    </error>
  </testcase> <!-- runScenario -->
  <system-out/>
  <testcase classname="runner.Runner" name="runScenario" time="0.009">
    <error message="Unresolved compilation problem: 
	Unhandled exception type SocketException
" type="java.lang.Error">
      <![CDATA[java.lang.Error: Unresolved compilation problem: 
Unhandled exception type SocketException

at StepDefinition.login_SD.user_opens_the_browser_and_OrangeHRM_application_using(login_SD.java:20)
at ✽.User opens the "Chrome" browser and OrangeHRM application using "https://opensource-demo.orangehrmlive.com/web/index.php/auth/login"(file:///C:/Users/Kedar/eclipse-workspace/Pooja/SeleniumMavenProject-TestNG/CucumberTestngMavenUITesting/src/test/resources/Features/login.feature:13)
]]>
    </error>
  </testcase> <!-- runScenario -->
  <system-out/>
</testsuite> <!-- runner.Runner -->
